#
# There is insufficient memory for the Java Runtime Environment to continue.
# Native memory allocation (malloc) failed to allocate 480104 bytes for AllocateHeap
# Possible reasons:
#   The system is out of physical RAM or swap space
#   In 32 bit mode, the process size limit was hit
# Possible solutions:
#   Reduce memory load on the system
#   Increase physical memory or swap space
#   Check if swap backing store is full
#   Use 64 bit Java on a 64 bit OS
#   Decrease Java heap size (-Xmx/-Xms)
#   Decrease number of Java threads
#   Decrease Java thread stack sizes (-Xss)
#   Set larger code cache with -XX:ReservedCodeCacheSize=
# This output file may be truncated or incomplete.
#
#  Out of Memory Error (memory/allocation.inline.hpp:61), pid=10828, tid=0x0000000000001a08
#
# JRE version:  (8.0_101-b13) (build )
# Java VM: Java HotSpot(TM) 64-Bit Server VM (25.101-b13 mixed mode windows-amd64 compressed oops)
# Failed to write core dump. Minidumps are not enabled by default on client versions of Windows
#

---------------  T H R E A D  ---------------

Current thread (0x00000000025ad800):  JavaThread "Unknown thread" [_thread_in_vm, id=6664, stack(0x0000000002650000,0x0000000002750000)]

Stack: [0x0000000002650000,0x0000000002750000]
[error occurred during error reporting (printing stack bounds), id 0xc0000005]

Native frames: (J=compiled Java code, j=interpreted, Vv=VM code, C=native code)


---------------  P R O C E S S  ---------------

Java Threads: ( => current thread )

Other Threads:

=>0x00000000025ad800 (exited) JavaThread "Unknown thread" [_thread_in_vm, id=6664, stack(0x0000000002650000,0x0000000002750000)]

VM state:not at safepoint (not fully initialized)

VM Mutex/Monitor currently owned by a thread: None

GC Heap History (0 events):
No events

Deoptimization events (0 events):
No events

Internal exceptions (0 events):
No events

Events (0 events):
No events


Dynamic libraries:
0x00007ff61a030000 - 0x00007ff61a067000 	C:\Program Files\Java\jdk1.8.0_101\bin\java.exe
0x00007ff845b40000 - 0x00007ff845d11000 	C:\WINDOWS\SYSTEM32\ntdll.dll
0x00007ff843c60000 - 0x00007ff843d0b000 	C:\WINDOWS\System32\KERNEL32.DLL
0x00007ff842890000 - 0x00007ff842aad000 	C:\WINDOWS\System32\KERNELBASE.dll
0x00007ff845a90000 - 0x00007ff845b32000 	C:\WINDOWS\System32\ADVAPI32.dll
0x00007ff845380000 - 0x00007ff84541e000 	C:\WINDOWS\System32\msvcrt.dll
0x00007ff843440000 - 0x00007ff843499000 	C:\WINDOWS\System32\sechost.dll
0x00007ff8430d0000 - 0x00007ff8431f1000 	C:\WINDOWS\System32\RPCRT4.dll
0x00007ff845920000 - 0x00007ff845a85000 	C:\WINDOWS\System32\USER32.dll
0x00007ff842dd0000 - 0x00007ff842dee000 	C:\WINDOWS\System32\win32u.dll
0x00007ff8434a0000 - 0x00007ff8434d4000 	C:\WINDOWS\System32\GDI32.dll
0x00007ff842ef0000 - 0x00007ff843072000 	C:\WINDOWS\System32\gdi32full.dll
0x00007ff839bc0000 - 0x00007ff839e39000 	C:\WINDOWS\WinSxS\amd64_microsoft.windows.common-controls_6595b64144ccf1df_6.0.14393.0_none_2d0f50fcbdb171b8\COMCTL32.dll
0x00007ff843990000 - 0x00007ff843c57000 	C:\WINDOWS\System32\combase.dll
0x00007ff842df0000 - 0x00007ff842ee5000 	C:\WINDOWS\System32\ucrtbase.dll
0x00007ff842030000 - 0x00007ff84209a000 	C:\WINDOWS\System32\bcryptPrimitives.dll
0x00007ff843410000 - 0x00007ff84343e000 	C:\WINDOWS\System32\IMM32.DLL
0x0000000075e60000 - 0x0000000075f32000 	C:\Program Files\Java\jdk1.8.0_101\jre\bin\msvcr100.dll
0x00000000755c0000 - 0x0000000075e5a000 	C:\Program Files\Java\jdk1.8.0_101\jre\bin\server\jvm.dll
0x00007ff8436a0000 - 0x00007ff8436a8000 	C:\WINDOWS\System32\PSAPI.DLL
0x00007ff83f410000 - 0x00007ff83f419000 	C:\WINDOWS\SYSTEM32\WSOCK32.dll
0x00007ff845420000 - 0x00007ff84548a000 	C:\WINDOWS\System32\WS2_32.dll
0x00007ff8404b0000 - 0x00007ff8404d3000 	C:\WINDOWS\SYSTEM32\WINMM.dll
0x00007ff83a940000 - 0x00007ff83a94a000 	C:\WINDOWS\SYSTEM32\VERSION.dll
0x00007ff840450000 - 0x00007ff84047b000 	C:\WINDOWS\SYSTEM32\WINMMBASE.dll
0x00007ff843080000 - 0x00007ff8430c2000 	C:\WINDOWS\System32\cfgmgr32.dll
0x00000000755b0000 - 0x00000000755bf000 	C:\Program Files\Java\jdk1.8.0_101\jre\bin\verify.dll
0x0000000075580000 - 0x00000000755a9000 	C:\Program Files\Java\jdk1.8.0_101\jre\bin\java.dll
0x0000000075560000 - 0x0000000075576000 	C:\Program Files\Java\jdk1.8.0_101\jre\bin\zip.dll

VM Arguments:
jvm_args: -Djava.awt.headless=true -Xmx1024M -Dfile.encoding=windows-1251 -Duser.country=RU -Duser.language=ru -Duser.variant 
java_command: com.android.dx.command.Main --dex --force-jumbo --num-threads=4 --output C:\Android Projects\EmPubLite\app\build\intermediates\pre-dexed\debug\com.commonsware.cwac-security-0.5.2_8859a8311e1bab4e8d0fbf181dcbd4722db1205c.jar C:\Android Projects\EmPubLite\app\build\intermediates\exploded-aar\com.commonsware.cwac\security\0.5.2\jars\classes.jar
java_class_path (initial): C:\Users\Asus\AppData\Local\Android\sdk\build-tools\23.0.3\lib\dx.jar
Launcher Type: SUN_STANDARD

Environment Variables:
PATH=C:\ProgramData\Oracle\Java\javapath;C:\Windows\system32;C:\Windows;C:\Windows\System32\Wbem;C:\Windows\System32\WindowsPowerShell\v1.0\;C:\Program Files (x86)\NVIDIA Corporation\PhysX\Common;C:\WINDOWS\system32\config\systemprofile\.dnx\bin;C:\Program Files\Microsoft DNX\Dnvm\;C:\Program Files\Microsoft SQL Server\130\Tools\Binn\;C:\Program Files (x86)\Skype\Phone\;C:\Program Files (x86)\Microsoft SQL Server\Client SDK\ODBC\130\Tools\Binn\;C:\Program Files (x86)\Microsoft SQL Server\130\Tools\Binn\;C:\Program Files (x86)\Microsoft SQL Server\130\DTS\Binn\;C:\Program Files (x86)\Microsoft SQL Server\130\Tools\Binn\ManagementStudio\;C:\Program Files\Microsoft SQL Server\Client SDK\ODBC\110\Tools\Binn\;C:\Program Files (x86)\Microsoft SQL Server\120\Tools\Binn\;C:\Program Files\Microsoft SQL Server\120\Tools\Binn\;C:\Program Files\Microsoft SQL Server\120\DTS\Binn\;C:\WINDOWS\system32;C:\WINDOWS;C:\WINDOWS\System32\Wbem;C:\WINDOWS\System32\WindowsPowerShell\v1.0\;C:\Program Files (x86)\Windows Kits\10\Windows Performance Toolkit\;C:\Program Files (x86)\Microsoft Emulator Manager\1.0\;C:\Users\Asus\AppData\Local\Microsoft\WindowsApps;
USERNAME=Asus
OS=Windows_NT
PROCESSOR_IDENTIFIER=Intel64 Family 6 Model 78 Stepping 3, GenuineIntel



---------------  S Y S T E M  ---------------

OS: Windows 10.0 , 64 bit Build 14393 (10.0.14393.0)

CPU:total 4 (2 cores per cpu, 2 threads per core) family 6 model 78 stepping 3, cmov, cx8, fxsr, mmx, sse, sse2, sse3, ssse3, sse4.1, sse4.2, popcnt, avx, avx2, aes, clmul, erms, 3dnowpref, lzcnt, ht, tsc, tscinvbit, bmi1, bmi2, adx

Memory: 4k page, physical 8274820k(332092k free), swap 11737540k(16756k free)

vm_info: Java HotSpot(TM) 64-Bit Server VM (25.101-b13) for windows-amd64 JRE (1.8.0_101-b13), built on Jun 22 2016 01:21:29 by "java_re" with MS VC++ 10.0 (VS2010)

time: Sat Oct 08 16:21:46 2016
elapsed time: 0 seconds (0d 0h 0m 0s)

